2024-03-27 11:18:00.402  INFO 59014 --- [main] com.thinkstu.Takeout                     : Starting Takeout using Java 11.0.21 on asher-pro with PID 59014 (/Users/asher/code/takeout_01/target/classes started by asher in /Users/asher/code/takeout_01)
2024-03-27 11:18:00.409  INFO 59014 --- [main] com.thinkstu.Takeout                     : No active profile set, falling back to default profiles: default
2024-03-27 11:18:00.820  INFO 59014 --- [main] .s.d.r.c.RepositoryConfigurationDelegate : Multiple Spring Data modules found, entering strict repository configuration mode!
2024-03-27 11:18:00.821  INFO 59014 --- [main] .s.d.r.c.RepositoryConfigurationDelegate : Bootstrapping Spring Data Redis repositories in DEFAULT mode.
2024-03-27 11:18:00.833  INFO 59014 --- [main] .s.d.r.c.RepositoryConfigurationDelegate : Finished Spring Data repository scanning in 5 ms. Found 0 Redis repository interfaces.
2024-03-27 11:18:01.113  INFO 59014 --- [main] o.s.b.w.embedded.tomcat.TomcatWebServer  : Tomcat initialized with port(s): 80 (http)
2024-03-27 11:18:01.120  INFO 59014 --- [main] o.apache.catalina.core.StandardService   : Starting service [Tomcat]
2024-03-27 11:18:01.120  INFO 59014 --- [main] org.apache.catalina.core.StandardEngine  : Starting Servlet engine: [Apache Tomcat/9.0.54]
2024-03-27 11:18:01.166  INFO 59014 --- [main] o.a.c.c.C.[Tomcat].[localhost].[/]       : Initializing Spring embedded WebApplicationContext
2024-03-27 11:18:01.167  INFO 59014 --- [main] w.s.c.ServletWebServerApplicationContext : Root WebApplicationContext: initialization completed in 734 ms
2024-03-27 11:18:01.240  INFO 59014 --- [main] c.a.d.s.b.a.DruidDataSourceAutoConfigure : Init DruidDataSource
2024-03-27 11:18:01.294  INFO 59014 --- [main] com.alibaba.druid.pool.DruidDataSource   : {dataSource-1} inited
2024-03-27 11:18:02.024  INFO 59014 --- [main] o.s.b.w.embedded.tomcat.TomcatWebServer  : Tomcat started on port(s): 80 (http) with context path ''
2024-03-27 11:18:02.281  INFO 59014 --- [main] com.thinkstu.Takeout                     : Started Takeout in 2.07 seconds (JVM running for 2.456)
2024-03-27 11:18:02.283  INFO 59014 --- [main] com.thinkstu.Takeout                     : =============成功运行=============
2024-03-27 11:18:24.572  INFO 59014 --- [http-nio-80-exec-1] o.a.c.c.C.[Tomcat].[localhost].[/]       : Initializing Spring DispatcherServlet 'dispatcherServlet'
2024-03-27 11:18:24.572  INFO 59014 --- [http-nio-80-exec-1] o.s.web.servlet.DispatcherServlet        : Initializing Servlet 'dispatcherServlet'
2024-03-27 11:18:24.573  INFO 59014 --- [http-nio-80-exec-1] o.s.web.servlet.DispatcherServlet        : Completed initialization in 1 ms
2024-03-27 11:18:24.584  INFO 59014 --- [http-nio-80-exec-1] com.thinkstu.filter.LoginCheckFilter     : 拦截到请求============》/
2024-03-27 11:18:24.724  INFO 59014 --- [http-nio-80-exec-2] com.thinkstu.filter.LoginCheckFilter     : 拦截到请求============》/favicon.ico
2024-03-27 11:18:30.995  INFO 59014 --- [http-nio-80-exec-3] com.thinkstu.filter.LoginCheckFilter     : 拦截到请求============》/index.html
2024-03-27 11:18:31.058  INFO 59014 --- [http-nio-80-exec-4] com.thinkstu.filter.LoginCheckFilter     : 拦截到请求============》/favicon.ico
2024-03-27 11:18:36.610  INFO 59014 --- [http-nio-80-exec-5] com.thinkstu.filter.LoginCheckFilter     : 拦截到请求============》/font/index.html
2024-03-27 11:18:36.678  INFO 59014 --- [http-nio-80-exec-6] com.thinkstu.filter.LoginCheckFilter     : 拦截到请求============》/favicon.ico
2024-03-27 11:18:46.879  INFO 59014 --- [http-nio-80-exec-10] com.thinkstu.filter.LoginCheckFilter     : 拦截到请求============》/category/list
2024-03-27 11:18:46.879  INFO 59014 --- [http-nio-80-exec-3] com.thinkstu.filter.LoginCheckFilter     : 拦截到请求============》/shoppingCart/list
2024-03-27 11:18:48.348  INFO 59014 --- [http-nio-80-exec-6] com.thinkstu.filter.LoginCheckFilter     : 拦截到请求============》/category/list
2024-03-27 11:18:48.348  INFO 59014 --- [http-nio-80-exec-2] com.thinkstu.filter.LoginCheckFilter     : 拦截到请求============》/shoppingCart/list
2024-03-27 11:18:48.962  INFO 59014 --- [http-nio-80-exec-8] com.thinkstu.filter.LoginCheckFilter     : 拦截到请求============》/category/list
2024-03-27 11:18:48.963  INFO 59014 --- [http-nio-80-exec-4] com.thinkstu.filter.LoginCheckFilter     : 拦截到请求============》/shoppingCart/list
2024-03-27 11:18:49.384  INFO 59014 --- [http-nio-80-exec-5] com.thinkstu.filter.LoginCheckFilter     : 拦截到请求============》/category/list
2024-03-27 11:18:49.385  INFO 59014 --- [http-nio-80-exec-3] com.thinkstu.filter.LoginCheckFilter     : 拦截到请求============》/shoppingCart/list
2024-03-27 11:18:53.109  INFO 59014 --- [http-nio-80-exec-9] com.thinkstu.filter.LoginCheckFilter     : 拦截到请求============》/favicon.ico
2024-03-27 11:18:56.448  INFO 59014 --- [http-nio-80-exec-2] com.thinkstu.filter.LoginCheckFilter     : 拦截到请求============》/shoppingCart/list
2024-03-27 11:18:56.448  INFO 59014 --- [http-nio-80-exec-6] com.thinkstu.filter.LoginCheckFilter     : 拦截到请求============》/category/list
2024-03-27 11:19:04.238  INFO 59014 --- [http-nio-80-exec-4] com.thinkstu.filter.LoginCheckFilter     : 拦截到请求============》/shoppingCart/list
2024-03-27 11:19:04.238  INFO 59014 --- [http-nio-80-exec-8] com.thinkstu.filter.LoginCheckFilter     : 拦截到请求============》/category/list
2024-03-27 11:19:40.494  INFO 59014 --- [http-nio-80-exec-5] com.thinkstu.filter.LoginCheckFilter     : 拦截到请求============》/shoppingCart/list
2024-03-27 11:19:40.497  INFO 59014 --- [http-nio-80-exec-3] com.thinkstu.filter.LoginCheckFilter     : 拦截到请求============》/category/list
2024-03-27 11:19:41.008  INFO 59014 --- [http-nio-80-exec-2] com.thinkstu.filter.LoginCheckFilter     : 拦截到请求============》/category/list
2024-03-27 11:19:41.008  INFO 59014 --- [http-nio-80-exec-9] com.thinkstu.filter.LoginCheckFilter     : 拦截到请求============》/shoppingCart/list
2024-03-27 11:19:41.593  INFO 59014 --- [http-nio-80-exec-5] com.thinkstu.filter.LoginCheckFilter     : 拦截到请求============》/category/list
2024-03-27 11:19:41.593  INFO 59014 --- [http-nio-80-exec-8] com.thinkstu.filter.LoginCheckFilter     : 拦截到请求============》/shoppingCart/list
2024-03-27 11:19:42.127  INFO 59014 --- [http-nio-80-exec-8] com.thinkstu.filter.LoginCheckFilter     : 拦截到请求============》/shoppingCart/list
2024-03-27 11:19:42.130  INFO 59014 --- [http-nio-80-exec-6] com.thinkstu.filter.LoginCheckFilter     : 拦截到请求============》/category/list
2024-03-27 11:19:42.670  INFO 59014 --- [http-nio-80-exec-8] com.thinkstu.filter.LoginCheckFilter     : 拦截到请求============》/category/list
2024-03-27 11:19:42.670  INFO 59014 --- [http-nio-80-exec-2] com.thinkstu.filter.LoginCheckFilter     : 拦截到请求============》/shoppingCart/list
2024-03-27 11:19:51.201  INFO 59014 --- [http-nio-80-exec-6] com.thinkstu.filter.LoginCheckFilter     : 拦截到请求============》/shoppingCart/list
2024-03-27 11:19:51.202  INFO 59014 --- [http-nio-80-exec-5] com.thinkstu.filter.LoginCheckFilter     : 拦截到请求============》/category/list
2024-03-27 11:20:08.900  INFO 59014 --- [http-nio-80-exec-10] com.thinkstu.filter.LoginCheckFilter     : 拦截到请求============》/employee/page
2024-03-27 11:20:14.134  INFO 59014 --- [http-nio-80-exec-3] com.thinkstu.filter.LoginCheckFilter     : 拦截到请求============》/category/list
2024-03-27 11:20:14.136  INFO 59014 --- [http-nio-80-exec-3] com.thinkstu.filter.LoginCheckFilter     : 拦截到请求============》/shoppingCart/list
2024-03-27 11:21:40.655  INFO 59014 --- [SpringApplicationShutdownHook] com.alibaba.druid.pool.DruidDataSource   : {dataSource-1} closing ...
2024-03-27 11:21:40.656  INFO 59014 --- [SpringApplicationShutdownHook] com.alibaba.druid.pool.DruidDataSource   : {dataSource-1} closed
2024-03-27 11:21:41.870  INFO 59091 --- [main] com.thinkstu.Takeout                     : Starting Takeout using Java 11.0.21 on asher-pro with PID 59091 (/Users/asher/code/takeout_01/target/classes started by asher in /Users/asher/code/takeout_01)
2024-03-27 11:21:41.872  INFO 59091 --- [main] com.thinkstu.Takeout                     : No active profile set, falling back to default profiles: default
2024-03-27 11:21:42.270  INFO 59091 --- [main] .s.d.r.c.RepositoryConfigurationDelegate : Multiple Spring Data modules found, entering strict repository configuration mode!
2024-03-27 11:21:42.271  INFO 59091 --- [main] .s.d.r.c.RepositoryConfigurationDelegate : Bootstrapping Spring Data Redis repositories in DEFAULT mode.
2024-03-27 11:21:42.282  INFO 59091 --- [main] .s.d.r.c.RepositoryConfigurationDelegate : Finished Spring Data repository scanning in 5 ms. Found 0 Redis repository interfaces.
2024-03-27 11:21:42.532  INFO 59091 --- [main] o.s.b.w.embedded.tomcat.TomcatWebServer  : Tomcat initialized with port(s): 80 (http)
2024-03-27 11:21:42.536  INFO 59091 --- [main] o.apache.catalina.core.StandardService   : Starting service [Tomcat]
2024-03-27 11:21:42.536  INFO 59091 --- [main] org.apache.catalina.core.StandardEngine  : Starting Servlet engine: [Apache Tomcat/9.0.54]
2024-03-27 11:21:42.579  INFO 59091 --- [main] o.a.c.c.C.[Tomcat].[localhost].[/]       : Initializing Spring embedded WebApplicationContext
2024-03-27 11:21:42.579  INFO 59091 --- [main] w.s.c.ServletWebServerApplicationContext : Root WebApplicationContext: initialization completed in 685 ms
2024-03-27 11:21:42.642  INFO 59091 --- [main] c.a.d.s.b.a.DruidDataSourceAutoConfigure : Init DruidDataSource
2024-03-27 11:21:42.692  INFO 59091 --- [main] com.alibaba.druid.pool.DruidDataSource   : {dataSource-1} inited
2024-03-27 11:21:43.416  INFO 59091 --- [main] o.s.b.w.embedded.tomcat.TomcatWebServer  : Tomcat started on port(s): 80 (http) with context path ''
2024-03-27 11:21:43.670  INFO 59091 --- [main] com.thinkstu.Takeout                     : Started Takeout in 2.005 seconds (JVM running for 2.354)
2024-03-27 11:21:43.671  INFO 59091 --- [main] com.thinkstu.Takeout                     : =============成功运行=============
2024-03-27 11:22:10.037  INFO 59091 --- [http-nio-80-exec-1] o.a.c.c.C.[Tomcat].[localhost].[/]       : Initializing Spring DispatcherServlet 'dispatcherServlet'
2024-03-27 11:22:10.037  INFO 59091 --- [http-nio-80-exec-1] o.s.web.servlet.DispatcherServlet        : Initializing Servlet 'dispatcherServlet'
2024-03-27 11:22:10.039  INFO 59091 --- [http-nio-80-exec-1] o.s.web.servlet.DispatcherServlet        : Completed initialization in 2 ms
2024-03-27 11:22:10.154  INFO 59091 --- [http-nio-80-exec-4] com.thinkstu.filter.LoginCheckFilter     : 拦截到请求============》/shoppingCart/list
2024-03-27 11:22:10.154  INFO 59091 --- [http-nio-80-exec-2] com.thinkstu.filter.LoginCheckFilter     : 拦截到请求============》/category/list
2024-03-27 11:22:58.592  INFO 59091 --- [http-nio-80-exec-6] com.thinkstu.filter.LoginCheckFilter     : 拦截到请求============》/favicon.ico
2024-03-27 11:23:44.301  INFO 59091 --- [http-nio-80-exec-5] c.thinkstu.service.impl.UserServiceImpl  : code = 1234
2024-03-27 11:23:51.364  INFO 59091 --- [http-nio-80-exec-7] com.thinkstu.filter.LoginCheckFilter     : 用户已登录，userId============》1533002257569800193
2024-03-27 11:23:51.364  INFO 59091 --- [http-nio-80-exec-8] com.thinkstu.filter.LoginCheckFilter     : 用户已登录，userId============》1533002257569800193
2024-03-27 11:23:51.409  INFO 59091 --- [http-nio-80-exec-10] com.thinkstu.filter.LoginCheckFilter     : 用户已登录，userId============》1533002257569800193
2024-03-27 11:24:46.715  INFO 59091 --- [http-nio-80-exec-9] com.thinkstu.filter.LoginCheckFilter     : 用户已登录，userId============》1533002257569800193
2024-03-27 11:24:47.261  INFO 59091 --- [http-nio-80-exec-1] com.thinkstu.filter.LoginCheckFilter     : 用户已登录，userId============》1533002257569800193
2024-03-27 11:24:48.495  INFO 59091 --- [http-nio-80-exec-3] com.thinkstu.filter.LoginCheckFilter     : 用户已登录，userId============》1533002257569800193
2024-03-27 11:24:49.253  INFO 59091 --- [http-nio-80-exec-8] com.thinkstu.filter.LoginCheckFilter     : 用户已登录，userId============》1533002257569800193
2024-03-27 11:24:49.935  INFO 59091 --- [http-nio-80-exec-1] com.thinkstu.filter.LoginCheckFilter     : 用户已登录，userId============》1533002257569800193
2024-03-27 11:24:50.510  INFO 59091 --- [http-nio-80-exec-9] com.thinkstu.filter.LoginCheckFilter     : 用户已登录，userId============》1533002257569800193
2024-03-27 11:24:51.122  INFO 59091 --- [http-nio-80-exec-6] com.thinkstu.filter.LoginCheckFilter     : 用户已登录，userId============》1533002257569800193
2024-03-27 11:24:52.598  INFO 59091 --- [http-nio-80-exec-7] com.thinkstu.filter.LoginCheckFilter     : 用户已登录，userId============》1533002257569800193
2024-03-27 11:24:53.190  INFO 59091 --- [http-nio-80-exec-8] com.thinkstu.filter.LoginCheckFilter     : 用户已登录，userId============》1533002257569800193
2024-03-27 11:38:58.130  INFO 59091 --- [http-nio-80-exec-9] c.thinkstu.service.impl.UserServiceImpl  : code = 1234
2024-03-27 11:39:14.923  INFO 59091 --- [http-nio-80-exec-7] com.thinkstu.filter.LoginCheckFilter     : 用户已登录，userId============》1533002257569800193
2024-03-27 11:39:14.925  INFO 59091 --- [http-nio-80-exec-1] com.thinkstu.filter.LoginCheckFilter     : 用户已登录，userId============》1533002257569800193
2024-03-27 11:39:14.967  INFO 59091 --- [http-nio-80-exec-2] com.thinkstu.filter.LoginCheckFilter     : 用户已登录，userId============》1533002257569800193
